<?xml version="1.0" encoding="UTF-8"?>
<!-- Generated by org.testng.reporters.JUnitReportReporter -->
<testsuite hostname="DESKTOP-C0U6FOH" failures="0" tests="1" name="demo.Test1" time="0.021" errors="0" timestamp="13 Jul 2023 07:29:19 GMT" skipped="0">
  <testcase classname="demo.Test1" name="titleVerification" time="0.021"/>
</testsuite> <!-- demo.Test1 -->
